<?xml version="1.0" encoding="UTF-8"?>
<!-- Generated by org.testng.reporters.JUnitXMLReporter -->
<testsuite ignored="4" hostname="LAPTOP-52NKCSNC" failures="0" tests="2" name="Default test" time="23.949" errors="0" timestamp="2022-01-25T13:23:57 IST">
  <testcase classname="src.com.orangehrmp.testsuite.LoginToOrangeHRMTest" name="loginTest" time="4.289"/>
  <testcase classname="src.com.orangehrmp.testsuite.LoginToOrangeHRMTest" name="adminPageSnapshot" time="4.847"/>
  <testcase classname="src.com.orangehrmp.testsuite.LoginToOrangeHRMTest" name="getAllJobs" time="0.0">
    <ignored/>
  </testcase> <!-- getAllJobs -->
  <testcase classname="src.com.orangehrmp.testsuite.LoginToOrangeHRMTest" name="dashboardSnapshot" time="0.0">
    <ignored/>
  </testcase> <!-- dashboardSnapshot -->
  <testcase classname="src.com.orangehrmp.testsuite.LoginToOrangeHRMTest" name="organisationStructureSnapshot" time="0.0">
    <ignored/>
  </testcase> <!-- organisationStructureSnapshot -->
  <testcase classname="src.com.orangehrmp.testsuite.LoginToOrangeHRMTest" name="searchUserAdminPage" time="0.0">
    <ignored/>
  </testcase> <!-- searchUserAdminPage -->
</testsuite> <!-- Default test -->
